%run C:/Users/k.willis/Documents/Python/Review.1.3.1-1.3.8/ugh.py
% logstart -ort kyleewillis131138.log append
#12/6
%run C:/Users/k.willis/Documents/Python/Review.1.3.1-1.3.8/ugh.py
piglatin(nameList)
piglatin('Apu')
%run C:/Users/k.willis/Documents/Python/Review.1.3.1-1.3.8/ugh.py
%run C:/Users/k.willis/Documents/Python/Review.1.3.1-1.3.8/ugh.py
% logstop
%cd "C:\Users\k.willis\Documents\Python\Review.1.3.1-1.3.8"
# Tue, 06 Dec 2016 09:28:07
#12/6

# Tue, 06 Dec 2016 09:29:50
%run C:/Users/k.willis/Documents/Python/Review.1.3.1-1.3.8/ugh.py# Tue, 06 Dec 2016 09:30:00
piglatin(nameList)
# Tue, 06 Dec 2016 09:30:21
%run C:/Users/k.willis/Documents/Python/Review.1.3.1-1.3.8/ugh.py# Tue, 06 Dec 2016 09:30:23
piglatin(nameList)
# Tue, 06 Dec 2016 09:34:57
%run C:/Users/k.willis/Documents/Python/Review.1.3.1-1.3.8/ugh.py# Tue, 06 Dec 2016 09:34:59
piglatin(nameList)
# Tue, 06 Dec 2016 09:35:27
%run C:/Users/k.willis/Documents/Python/Review.1.3.1-1.3.8/ugh.py# Tue, 06 Dec 2016 09:35:29
piglatin(nameList)
# Tue, 06 Dec 2016 09:36:11
%run C:/Users/k.willis/Documents/Python/Review.1.3.1-1.3.8/ugh.py# Tue, 06 Dec 2016 09:36:13
piglatin(nameList)
# Tue, 06 Dec 2016 09:39:11
%run C:/Users/k.willis/Documents/Python/Review.1.3.1-1.3.8/ugh.py# Tue, 06 Dec 2016 09:39:13
piglatin(nameList)
# Tue, 06 Dec 2016 09:41:11
%run C:/Users/k.willis/Documents/Python/Review.1.3.1-1.3.8/ugh.py# Tue, 06 Dec 2016 09:41:12
piglatin(nameList)
# Tue, 06 Dec 2016 09:41:27
%run C:/Users/k.willis/Documents/Python/Review.1.3.1-1.3.8/ugh.py# Tue, 06 Dec 2016 09:41:29
piglatin(nameList)
# Tue, 06 Dec 2016 09:41:42
%run C:/Users/k.willis/Documents/Python/Review.1.3.1-1.3.8/ugh.py# Tue, 06 Dec 2016 09:41:44
piglatin(nameList)
# Tue, 06 Dec 2016 09:43:11
%run C:/Users/k.willis/Documents/Python/Review.1.3.1-1.3.8/ugh.py# Tue, 06 Dec 2016 09:43:13
piglatin(nameList)
# Tue, 06 Dec 2016 09:44:50
%run C:/Users/k.willis/Documents/Python/Review.1.3.1-1.3.8/ugh.py# Tue, 06 Dec 2016 09:44:52
piglatin(nameList)
# Tue, 06 Dec 2016 09:46:48
%run C:/Users/k.willis/Documents/Python/Review.1.3.1-1.3.8/ugh.py# Tue, 06 Dec 2016 09:46:50
piglatin(nameList)
# Tue, 06 Dec 2016 09:47:14
%run C:/Users/k.willis/Documents/Python/Review.1.3.1-1.3.8/ugh.py# Tue, 06 Dec 2016 09:47:15
piglatin(nameList)
# Tue, 06 Dec 2016 09:48:06
%run C:/Users/k.willis/Documents/Python/Review.1.3.1-1.3.8/ugh.py# Tue, 06 Dec 2016 09:48:09
piglatin(nameList)
#[Out]# ['o',
#[Out]#  'm',
#[Out]#  'e',
#[Out]#  'r',
#[Out]#  'H',
#[Out]#  'a',
#[Out]#  'y',
#[Out]#  'a',
#[Out]#  'r',
#[Out]#  't',
#[Out]#  'B',
#[Out]#  'a',
#[Out]#  'y',
#[Out]#  'i',
#[Out]#  's',
#[Out]#  'a',
#[Out]#  'L',
#[Out]#  'a',
#[Out]#  'y',
#[Out]#  'a',
#[Out]#  'r',
#[Out]#  'g',
#[Out]#  'e',
#[Out]#  'M',
#[Out]#  'a',
#[Out]#  'y',
#[Out]#  'a',
#[Out]#  'g',
#[Out]#  'g',
#[Out]#  'i',
#[Out]#  'e',
#[Out]#  'M',
#[Out]#  'a',
#[Out]#  'y',
#[Out]#  'e',
#[Out]#  'd',
#[Out]#  'N',
#[Out]#  'a',
#[Out]#  'y',
#[Out]#  'o',
#[Out]#  'd',
#[Out]#  'R',
#[Out]#  'a',
#[Out]#  'y',
#[Out]#  'o',
#[Out]#  'd',
#[Out]#  'd',
#[Out]#  'T',
#[Out]#  'a',
#[Out]#  'y',
#[Out]#  'a',
#[Out]#  'l',
#[Out]#  'p',
#[Out]#  'h',
#[Out]#  'R',
#[Out]#  'a',
#[Out]#  'y',
#[Out]#  'o',
#[Out]#  'e',
#[Out]#  'M',
#[Out]#  'a',
#[Out]#  'y',
#[Out]#  'i',
#[Out]#  'l',
#[Out]#  'l',
#[Out]#  'h',
#[Out]#  'o',
#[Out]#  'u',
#[Out]#  's',
#[Out]#  'e',
#[Out]#  'M',
#[Out]#  'a',
#[Out]#  'y',
#[Out]#  'r',
#[Out]#  'u',
#[Out]#  's',
#[Out]#  't',
#[Out]#  'y',
#[Out]#  'K',
#[Out]#  'a',
#[Out]#  'y',
#[Out]#  'o',
#[Out]#  'b',
#[Out]#  'B',
#[Out]#  'a',
#[Out]#  'y',
#[Out]#  'a',
#[Out]#  'r',
#[Out]#  'n',
#[Out]#  'e',
#[Out]#  'y',
#[Out]#  'B',
#[Out]#  'a',
#[Out]#  'y',
#[Out]#  'e',
#[Out]#  'n',
#[Out]#  'n',
#[Out]#  'y',
#[Out]#  'L',
#[Out]#  'a',
#[Out]#  'y',
#[Out]#  'a',
#[Out]#  'r',
#[Out]#  'l',
#[Out]#  'C',
#[Out]#  'a',
#[Out]#  'y',
#[Out]#  'o',
#[Out]#  'n',
#[Out]#  't',
#[Out]#  'g',
#[Out]#  'o',
#[Out]#  'm',
#[Out]#  'e',
#[Out]#  'r',
#[Out]#  'y',
#[Out]#  'M',
#[Out]#  'a',
#[Out]#  'y',
#[Out]#  'a',
#[Out]#  'y',
#[Out]#  'l',
#[Out]#  'o',
#[Out]#  'n',
#[Out]#  'W',
#[Out]#  'a',
#[Out]#  'y',
#[Out]#  'e',
#[Out]#  'l',
#[Out]#  's',
#[Out]#  'o',
#[Out]#  'n',
#[Out]#  'N',
#[Out]#  'a',
#[Out]#  'y',
#[Out]#  'h',
#[Out]#  'e',
#[Out]#  'r',
#[Out]#  'i',
#[Out]#  'S',
#[Out]#  'a',
#[Out]#  'y',
#[Out]#  'e',
#[Out]#  'r',
#[Out]#  'i',
#[Out]#  'T',
#[Out]#  'a',
#[Out]#  'y',
#[Out]#  'i',
#[Out]#  'm',
#[Out]#  'b',
#[Out]#  'o',
#[Out]#  'J',
#[Out]#  'a',
#[Out]#  'y',
#[Out]#  'e',
#[Out]#  'a',
#[Out]#  'r',
#[Out]#  'n',
#[Out]#  'e',
#[Out]#  'y',
#[Out]#  'K',
#[Out]#  'a',
#[Out]#  'y',
#[Out]#  'a',
#[Out]#  't',
#[Out]#  't',
#[Out]#  'y',
#[Out]#  'P',
#[Out]#  'a',
#[Out]#  'y',
#[Out]#  'e',
#[Out]#  'l',
#[Out]#  'm',
#[Out]#  'a',
#[Out]#  'S',
#[Out]#  'a',
#[Out]#  'y',
#[Out]#  'O',
#[Out]#  't',
#[Out]#  't',
#[Out]#  'o',
#[Out]#  'a',
#[Out]#  'y',
#[Out]#  'A',
#[Out]#  'p',
#[Out]#  'u',
#[Out]#  'a',
#[Out]#  'y',
#[Out]#  'U',
#[Out]#  't',
#[Out]#  'e',
#[Out]#  'r',
#[Out]#  'a',
#[Out]#  'y',
#[Out]#  'E',
#[Out]#  'r',
#[Out]#  'n',
#[Out]#  'e',
#[Out]#  's',
#[Out]#  't',
#[Out]#  'a',
#[Out]#  'y',
#[Out]#  'I',
#[Out]#  's',
#[Out]#  'a',
#[Out]#  'b',
#[Out]#  'e',
#[Out]#  'l',
#[Out]#  'l',
#[Out]#  'a',
#[Out]#  'a',
#[Out]#  'y']
# Tue, 06 Dec 2016 10:00:47
%run C:/Users/k.willis/Documents/Python/Review.1.3.1-1.3.8/ugh.py# Tue, 06 Dec 2016 10:00:57
nameGuesser(nameList)
