%cd "C:\Users\k.willis\Documents\Python"
% logstart -ort kyleewillis_1_3_3.log
# Kylee Willis 10/26/2016 1.3.3
% logstop
%cd "C:\Users\k.willis\Documents\Python\1.3.3"
# Wed, 26 Oct 2016 09:26:55
# Kylee Willis 10/26/2016 1.3.3

# Wed, 26 Oct 2016 09:28:21
a = 3
# Wed, 26 Oct 2016 09:28:25
a**2
#[Out]# 9
# Wed, 26 Oct 2016 09:29:03
a == 3
#[Out]# True
# Wed, 26 Oct 2016 09:29:41
a != 42
#[Out]# True
# Wed, 26 Oct 2016 09:30:43
a+1 >= 2 and a**2 != 5
#[Out]# True
# Wed, 26 Oct 2016 09:32:19
#3a. Prediction: It'll be true.
a**2 >= 9 and not a>3
#[Out]# True
# Wed, 26 Oct 2016 09:35:37
#3b. Prediction: It'll be true.
a+2 == 5 or a != 3
#[Out]# True
# Wed, 26 Oct 2016 09:36:14
# It says to explain these if they're wrong, so... I'm not going to explain them.

# Wed, 26 Oct 2016 09:37:13
x,y = (65,40)
# Wed, 26 Oct 2016 09:37:14
x
#[Out]# 65
# Wed, 26 Oct 2016 09:37:15
y
#[Out]# 40
# Wed, 26 Oct 2016 09:38:35
(x>50 and x <80) and (y>=30 and y <=45)
#[Out]# True
# Wed, 26 Oct 2016 09:41:37
#4. Compound conditional...
(x<50 and x>80) and (y<=3- and y>=45)
# Wed, 26 Oct 2016 09:41:58
(x<50 and x>80) and (y<=30 and y>=45)
#[Out]# False
# Wed, 26 Oct 2016 09:44:58
x, y = (90, 115)
# Wed, 26 Oct 2016 09:45:13
(x<50 and x>80) and (y<=30 and y>=45)
#[Out]# False
# Wed, 26 Oct 2016 09:46:16
(x<50 or x>80) and (y<=30 or y>=45)
#[Out]# True
# Wed, 26 Oct 2016 09:46:42
#That was for 5.

# Wed, 26 Oct 2016 09:54:42
%run "c:\users\k4410~1.wil\appdata\local\temp\tmphjtj8j.py"# Wed, 26 Oct 2016 09:54:53
%run "c:\users\k4410~1.wil\appdata\local\temp\tmpctwgqc.py"# Wed, 26 Oct 2016 09:56:43
age_limit_output(10)
# Wed, 26 Oct 2016 09:57:30
age_limit_output(16)
# Wed, 26 Oct 2016 09:57:49
%run "c:\users\k4410~1.wil\appdata\local\temp\tmpqrktry.py"# Wed, 26 Oct 2016 09:58:06
#I just added spaces. There's literally no other difference.

# Wed, 26 Oct 2016 10:02:38
%run "c:\users\k4410~1.wil\appdata\local\temp\tmpzbl3dm.py"# Wed, 26 Oct 2016 10:03:25
report_grade(79)
# Wed, 26 Oct 2016 10:03:35
report_grade(85)
# Wed, 26 Oct 2016 10:03:46
% logstop
%cd "C:\Users\k.willis\Documents\Python\1.3.3"
# Mon, 31 Oct 2016 09:19:37
#Kylee Willis 10/31/2016 1.3.3

# Mon, 31 Oct 2016 09:33:57
report_grade(85)
# Mon, 31 Oct 2016 09:35:37
%run C:/Users/k.willis/Documents/Python/1.3.3/1.3.3.py# Mon, 31 Oct 2016 09:35:45
report_grade(85)
# Mon, 31 Oct 2016 09:35:54
report_grade(79)
# Mon, 31 Oct 2016 09:39:25
't' in 'string' #includes lowercase t
#[Out]# True
# Mon, 31 Oct 2016 09:39:38
'T' in 'string' #bc case matters
#[Out]# False
# Mon, 31 Oct 2016 09:39:55
3 in [1,2,3] #containts int 3
#[Out]# True
# Mon, 31 Oct 2016 09:40:10
'3' in [1,2,3] #string 3, not int
#[Out]# False
# Mon, 31 Oct 2016 09:47:14
%run C:/Users/k.willis/Documents/Python/1.3.3/1.3.3.py# Mon, 31 Oct 2016 09:47:20
%run C:/Users/k.willis/Documents/Python/1.3.3/1.3.3.py# Mon, 31 Oct 2016 09:47:42
letter_in_word('t', 'secret hangman phrase')
#[Out]# True
# Mon, 31 Oct 2016 09:48:23
letter_in_word('z', 'secret hangman phrase')
#[Out]# False
# Mon, 31 Oct 2016 09:48:45
letter_in_word('muhaha', 'secret hangman phrase')
#[Out]# False
# Mon, 31 Oct 2016 09:54:14
%run C:/Users/k.willis/Documents/Python/1.3.3/1.3.3.py# Mon, 31 Oct 2016 09:54:38
%run C:/Users/k.willis/Documents/Python/1.3.3/1.3.3.py# Mon, 31 Oct 2016 09:54:46
%run C:/Users/k.willis/Documents/Python/1.3.3/1.3.3.py# Mon, 31 Oct 2016 09:54:53
%run C:/Users/k.willis/Documents/Python/1.3.3/1.3.3.py# Mon, 31 Oct 2016 09:55:25
%run C:/Users/k.willis/Documents/Python/1.3.3/1.3.3.py# Mon, 31 Oct 2016 09:59:44
%run C:/Users/k.willis/Documents/Python/1.3.3/1.3.3.py# Mon, 31 Oct 2016 09:59:51
secret = ['red', 'red', 'yellow', 'yellow', 'black']
# Mon, 31 Oct 2016 10:00:03
hint('red', secret)
# Mon, 31 Oct 2016 10:00:11
hint('green', secret)
# Mon, 31 Oct 2016 10:00:45
%logstop
